<?xml version="1.0" encoding="UTF-8"?>
<!-- Generated by org.testng.reporters.JUnitReportReporter -->
<testsuite hostname="DESKTOP-BUD8V7J" failures="0" tests="1" name="com.zoopla.qa.test.SigninPageTest" time="53.847" errors="0" timestamp="2021-02-19T20:59:38 GMT" skipped="0">
  <testcase classname="com.zoopla.qa.test.SigninPageTest" name="siginpageloginTest" time="53.847"/>
  <system-out/>
</testsuite> <!-- com.zoopla.qa.test.SigninPageTest -->
