<?xml version="1.0" encoding="UTF-8"?>
<!-- Generated by org.testng.reporters.JUnitReportReporter -->
<testsuite hostname="DESKTOP-BUD8V7J" failures="0" tests="2" name="com.zoopla.qa.test.HomePageTest" time="88.578" errors="0" timestamp="2021-02-17T19:45:57 GMT" skipped="0">
  <testcase classname="com.zoopla.qa.test.HomePageTest" name="homepageTitleTest" time="53.113"/>
  <system-out/>
  <testcase classname="com.zoopla.qa.test.HomePageTest" name="homepageloginTest" time="35.465"/>
  <system-out/>
</testsuite> <!-- com.zoopla.qa.test.HomePageTest -->
