<?xml version="1.0" encoding="UTF-8"?>
<!-- Generated by org.testng.reporters.JUnitReportReporter -->
<testsuite hostname="DESKTOP-BUD8V7J" failures="0" tests="2" name="com.zoopla.qa.test.LoginPageTest" time="47.610" errors="0" timestamp="2021-02-17T20:58:44 GMT" skipped="0">
  <testcase classname="com.zoopla.qa.test.LoginPageTest" name="loginpageTitletest" time="22.206"/>
  <system-out/>
  <testcase classname="com.zoopla.qa.test.LoginPageTest" name="loginpagetest" time="25.404"/>
  <system-out/>
</testsuite> <!-- com.zoopla.qa.test.LoginPageTest -->
