<?xml version="1.0" encoding="UTF-8"?>
<!-- Generated by org.testng.reporters.JUnitReportReporter -->
<testsuite hostname="DESKTOP-BUD8V7J" failures="0" tests="2" name="com.zoopla.qa.test.PropPageTest" time="135.923" errors="0" timestamp="2021-02-19T22:16:53 GMT" skipped="0">
  <testcase classname="com.zoopla.qa.test.PropPageTest" name="propPageAmountlistTest" time="64.084"/>
  <system-out/>
  <testcase classname="com.zoopla.qa.test.PropPageTest" name="propPageclickTest" time="71.839"/>
  <system-out/>
</testsuite> <!-- com.zoopla.qa.test.PropPageTest -->
